[2019-11-11T17:23:09.784] [DEBUG] cheese - login => username:lhl,password:123ghjghg
[2019-11-11T17:23:09.807] [DEBUG] cheese - lhl
[2019-11-11T17:23:09.837] [DEBUG] cheese - null
[2019-11-11T17:23:09.838] [DEBUG] cheese - null
[2019-11-11T17:23:11.634] [DEBUG] cheese - login => username:lhl,password:123ghjghg
[2019-11-11T17:23:11.634] [DEBUG] cheese - lhl
[2019-11-11T17:23:11.636] [DEBUG] cheese - null
[2019-11-11T17:23:11.636] [DEBUG] cheese - null
[2019-11-11T17:24:04.439] [DEBUG] cheese - login => username:admin,password:123456
[2019-11-11T17:24:04.440] [DEBUG] cheese - admin
[2019-11-11T17:24:04.447] [DEBUG] cheese - null
[2019-11-11T17:24:04.447] [DEBUG] cheese - null
[2019-11-11T21:09:59.265] [DEBUG] cheese - login => username:admin,password:123456
[2019-11-11T21:09:59.266] [DEBUG] cheese - admin
[2019-11-11T21:09:59.306] [DEBUG] cheese - null
[2019-11-11T21:09:59.306] [DEBUG] cheese - null
[2019-11-11T21:40:27.763] [DEBUG] cheese - login => username:admin,password:123456
[2019-11-11T21:40:27.764] [DEBUG] cheese - admin
[2019-11-11T21:40:27.770] [DEBUG] cheese - null
[2019-11-11T21:40:27.771] [DEBUG] cheese - null
[2019-11-17T16:15:01.302] [DEBUG] cheese - login => username:lhl,password:123sasa
[2019-11-17T16:15:01.306] [DEBUG] cheese - lhl
[2019-11-17T16:15:01.339] [DEBUG] cheese - { inspect: [Function: inspect] }
[2019-11-17T16:15:01.343] [DEBUG] cheese - 查询失败
[2019-11-17T16:15:01.492] [DEBUG] cheese - login => username:lhl,password:123sasa
[2019-11-17T16:15:01.492] [DEBUG] cheese - lhl
[2019-11-17T16:15:01.495] [DEBUG] cheese - { inspect: [Function: inspect] }
[2019-11-17T16:15:01.496] [DEBUG] cheese - 查询失败
[2019-11-17T16:19:01.776] [DEBUG] cheese - login => username:admin,password:123456
[2019-11-17T16:19:01.776] [DEBUG] cheese - admin
[2019-11-17T16:19:01.779] [DEBUG] cheese - { inspect: [Function: inspect] }
[2019-11-17T16:19:01.780] [DEBUG] cheese - 查询失败
[2019-11-17T16:19:10.550] [DEBUG] cheese - login => username:admin,password:123456
[2019-11-17T16:19:10.550] [DEBUG] cheese - admin
[2019-11-17T16:19:10.553] [DEBUG] cheese - { inspect: [Function: inspect] }
[2019-11-17T16:19:10.553] [DEBUG] cheese - 查询失败
[2019-11-17T16:19:11.830] [DEBUG] cheese - login => username:admin,password:123456
[2019-11-17T16:19:11.830] [DEBUG] cheese - admin
[2019-11-17T16:19:11.833] [DEBUG] cheese - { inspect: [Function: inspect] }
[2019-11-17T16:19:11.834] [DEBUG] cheese - 查询失败
[2019-11-17T16:20:20.398] [DEBUG] cheese - login => username:admin,password:123456
[2019-11-17T16:20:20.398] [DEBUG] cheese - admin
[2019-11-17T16:20:20.401] [DEBUG] cheese - { inspect: [Function: inspect] }
[2019-11-17T16:20:20.401] [DEBUG] cheese - 查询失败
[2019-11-17T16:25:57.817] [DEBUG] cheese - login => username:admin,password:123456
[2019-11-17T16:25:57.819] [DEBUG] cheese - admin
[2019-11-17T16:25:57.830] [DEBUG] cheese - null
[2019-11-17T16:25:57.831] [DEBUG] cheese - null
[2019-11-17T18:05:59.327] [DEBUG] cheese - login => username:lhlasdad,password:123asd
[2019-11-17T18:05:59.328] [DEBUG] cheese - lhlasdad
[2019-11-17T18:05:59.343] [DEBUG] cheese - null
[2019-11-17T18:05:59.343] [DEBUG] cheese - null
[2019-11-17T18:14:46.262] [DEBUG] cheese - login => username:lhl,password:123sdssv
[2019-11-17T18:14:46.263] [DEBUG] cheese - lhl
[2019-11-17T18:14:46.266] [DEBUG] cheese - null
[2019-11-17T18:14:46.266] [DEBUG] cheese - null
[2019-11-17T18:15:47.074] [DEBUG] cheese - login => username:lhl,password:123sdssv
[2019-11-17T18:15:47.075] [DEBUG] cheese - lhl
[2019-11-17T18:15:47.077] [DEBUG] cheese - null
[2019-11-17T18:15:47.077] [DEBUG] cheese - null
[2019-11-17T18:15:49.201] [DEBUG] cheese - login => username:lhl,password:123sdssv
[2019-11-17T18:15:49.201] [DEBUG] cheese - lhl
[2019-11-17T18:15:49.205] [DEBUG] cheese - null
[2019-11-17T18:15:49.205] [DEBUG] cheese - null
[2019-11-17T18:15:54.510] [DEBUG] cheese - login => username:lhl,password:ascsdcs
[2019-11-17T18:15:54.511] [DEBUG] cheese - lhl
[2019-11-17T18:15:54.521] [DEBUG] cheese - null
[2019-11-17T18:15:54.521] [DEBUG] cheese - null
[2019-11-17T18:15:55.071] [DEBUG] cheese - login => username:lhl,password:ascsdcs
[2019-11-17T18:15:55.072] [DEBUG] cheese - lhl
[2019-11-17T18:15:55.076] [DEBUG] cheese - null
[2019-11-17T18:15:55.076] [DEBUG] cheese - null
[2019-11-17T18:29:30.723] [DEBUG] cheese - login => username:lhl,password:123sada
[2019-11-17T18:29:30.723] [DEBUG] cheese - lhl
[2019-11-17T18:29:30.729] [DEBUG] cheese - null
[2019-11-17T18:29:30.729] [DEBUG] cheese - null
[2019-11-17T18:32:26.004] [DEBUG] cheese - login => username:lhl,password:123sds
[2019-11-17T18:32:26.004] [DEBUG] cheese - lhl
[2019-11-17T18:32:26.007] [DEBUG] cheese - null
[2019-11-17T18:32:26.007] [DEBUG] cheese - null
[2019-11-17T18:33:14.424] [DEBUG] cheese - login => username:lhl,password:123sfsf
[2019-11-17T18:33:14.424] [DEBUG] cheese - lhl
[2019-11-17T18:33:14.427] [DEBUG] cheese - null
[2019-11-17T18:33:14.427] [DEBUG] cheese - null
[2019-11-17T18:33:48.698] [DEBUG] cheese - login => username:admin,password:123456
[2019-11-17T18:33:48.698] [DEBUG] cheese - admin
[2019-11-17T18:33:48.706] [DEBUG] cheese - null
[2019-11-17T18:33:48.707] [DEBUG] cheese - null
[2019-11-17T18:35:02.571] [DEBUG] cheese - login => username:lhl,password:123sfsfs
[2019-11-17T18:35:02.571] [DEBUG] cheese - lhl
[2019-11-17T18:35:02.574] [DEBUG] cheese - null
[2019-11-17T18:35:02.574] [DEBUG] cheese - null
[2019-11-17T18:35:14.293] [DEBUG] cheese - login => username:lhl,password:123ada
[2019-11-17T18:35:14.293] [DEBUG] cheese - lhl
[2019-11-17T18:35:14.296] [DEBUG] cheese - null
[2019-11-17T18:35:14.296] [DEBUG] cheese - null
[2019-11-17T18:37:03.677] [DEBUG] cheese - login => username:lhl,password:123adada
[2019-11-17T18:37:03.678] [DEBUG] cheese - lhl
[2019-11-17T18:37:03.681] [DEBUG] cheese - null
[2019-11-17T18:37:03.681] [DEBUG] cheese - null
[2019-11-17T18:38:02.515] [DEBUG] cheese - login => username:lhl,password:123adad
[2019-11-17T18:38:02.515] [DEBUG] cheese - lhl
[2019-11-17T18:38:02.517] [DEBUG] cheese - null
[2019-11-17T18:38:02.517] [DEBUG] cheese - null
[2019-11-17T18:38:32.652] [DEBUG] cheese - login => username:lhl,password:123adada
[2019-11-17T18:38:32.652] [DEBUG] cheese - lhl
[2019-11-17T18:38:32.656] [DEBUG] cheese - null
[2019-11-17T18:38:32.656] [DEBUG] cheese - null
[2019-11-17T18:38:38.846] [DEBUG] cheese - login => username:admin,password:123456
[2019-11-17T18:38:38.847] [DEBUG] cheese - admin
[2019-11-17T18:38:38.850] [DEBUG] cheese - null
[2019-11-17T18:38:38.850] [DEBUG] cheese - null
[2019-11-17T18:38:41.293] [DEBUG] cheese - login => username:admin,password:123456
[2019-11-17T18:38:41.293] [DEBUG] cheese - admin
[2019-11-17T18:38:41.299] [DEBUG] cheese - null
[2019-11-17T18:38:41.299] [DEBUG] cheese - null
[2019-11-17T18:38:43.634] [DEBUG] cheese - login => username:admin,password:123456ss
[2019-11-17T18:38:43.634] [DEBUG] cheese - admin
[2019-11-17T18:38:43.636] [DEBUG] cheese - null
[2019-11-17T18:38:43.637] [DEBUG] cheese - null
[2019-11-17T18:46:59.391] [DEBUG] cheese - login => username:lhl,password:123asda
[2019-11-17T18:46:59.391] [DEBUG] cheese - lhl
[2019-11-17T18:46:59.397] [DEBUG] cheese - null
[2019-11-17T18:46:59.397] [DEBUG] cheese - null
[2019-11-17T18:47:00.628] [DEBUG] cheese - login => username:lhl,password:123asda
[2019-11-17T18:47:00.628] [DEBUG] cheese - lhl
[2019-11-17T18:47:00.630] [DEBUG] cheese - null
[2019-11-17T18:47:00.630] [DEBUG] cheese - null
[2019-11-17T18:47:06.115] [DEBUG] cheese - login => username:admin,password:123456
[2019-11-17T18:47:06.116] [DEBUG] cheese - admin
[2019-11-17T18:47:06.118] [DEBUG] cheese - null
[2019-11-17T18:47:06.118] [DEBUG] cheese - null
[2019-11-17T18:47:07.510] [DEBUG] cheese - login => username:admin,password:123456
[2019-11-17T18:47:07.510] [DEBUG] cheese - admin
[2019-11-17T18:47:07.512] [DEBUG] cheese - null
[2019-11-17T18:47:07.512] [DEBUG] cheese - null
[2019-11-17T18:47:08.413] [DEBUG] cheese - login => username:admin,password:123456
[2019-11-17T18:47:08.414] [DEBUG] cheese - admin
[2019-11-17T18:47:08.416] [DEBUG] cheese - null
[2019-11-17T18:47:08.416] [DEBUG] cheese - null
[2019-11-17T18:47:34.913] [DEBUG] cheese - login => username:admin,password:123456
[2019-11-17T18:47:34.913] [DEBUG] cheese - admin
[2019-11-17T18:47:34.916] [DEBUG] cheese - null
[2019-11-17T18:47:34.916] [DEBUG] cheese - null
[2019-11-17T18:50:44.503] [DEBUG] cheese - login => username:admin,password:123456
[2019-11-17T18:50:44.504] [DEBUG] cheese - admin
[2019-11-17T18:50:44.506] [DEBUG] cheese - null
[2019-11-17T18:50:44.507] [DEBUG] cheese - null
[2019-11-17T18:50:58.619] [DEBUG] cheese - login => username:admin,password:123456
[2019-11-17T18:50:58.619] [DEBUG] cheese - admin
[2019-11-17T18:50:58.621] [DEBUG] cheese - null
[2019-11-17T18:50:58.621] [DEBUG] cheese - null
[2019-11-17T18:51:03.946] [DEBUG] cheese - login => username:admin,password:1234561
[2019-11-17T18:51:03.946] [DEBUG] cheese - admin
[2019-11-17T18:51:03.949] [DEBUG] cheese - null
[2019-11-17T18:51:03.950] [DEBUG] cheese - null
[2019-11-17T18:52:50.678] [DEBUG] cheese - login => username:admin,password:123456
[2019-11-17T18:52:50.678] [DEBUG] cheese - admin
[2019-11-17T18:52:50.682] [DEBUG] cheese - null
[2019-11-17T18:52:50.682] [DEBUG] cheese - null
[2019-11-17T18:53:00.074] [DEBUG] cheese - login => username:admin,password:123456
[2019-11-17T18:53:00.075] [DEBUG] cheese - admin
[2019-11-17T18:53:00.078] [DEBUG] cheese - null
[2019-11-17T18:53:00.078] [DEBUG] cheese - null
[2019-11-17T18:53:06.086] [DEBUG] cheese - login => username:admin,password:123456
[2019-11-17T18:53:06.087] [DEBUG] cheese - admin
[2019-11-17T18:53:06.090] [DEBUG] cheese - null
[2019-11-17T18:53:06.090] [DEBUG] cheese - null
[2019-11-17T18:56:04.008] [DEBUG] cheese - login => username:admin,password:123456
[2019-11-17T18:56:04.008] [DEBUG] cheese - admin
[2019-11-17T18:56:04.012] [DEBUG] cheese - null
[2019-11-17T18:56:04.012] [DEBUG] cheese - null
[2019-11-17T18:58:35.949] [DEBUG] cheese - login => username:admin,password:123456
[2019-11-17T18:58:35.949] [DEBUG] cheese - admin
[2019-11-17T18:58:35.952] [DEBUG] cheese - null
[2019-11-17T18:58:35.953] [DEBUG] cheese - null
[2019-11-17T19:05:08.034] [DEBUG] cheese - login => username:admin,password:123456
[2019-11-17T19:05:08.035] [DEBUG] cheese - admin
[2019-11-17T19:05:08.037] [DEBUG] cheese - null
[2019-11-17T19:05:08.037] [DEBUG] cheese - null
[2019-11-17T19:05:09.245] [DEBUG] cheese - login => username:admin,password:123456
[2019-11-17T19:05:09.245] [DEBUG] cheese - admin
[2019-11-17T19:05:09.248] [DEBUG] cheese - null
[2019-11-17T19:05:09.248] [DEBUG] cheese - null
[2019-11-17T19:05:15.622] [DEBUG] cheese - login => username:admin,password:123456
[2019-11-17T19:05:15.623] [DEBUG] cheese - admin
[2019-11-17T19:05:15.626] [DEBUG] cheese - null
[2019-11-17T19:05:15.626] [DEBUG] cheese - null
[2019-11-17T19:05:44.968] [DEBUG] cheese - login => username:admin,password:123456
[2019-11-17T19:05:44.968] [DEBUG] cheese - admin
[2019-11-17T19:05:44.970] [DEBUG] cheese - null
[2019-11-17T19:05:44.970] [DEBUG] cheese - null
[2019-11-17T19:06:39.852] [DEBUG] cheese - login => username:admin,password:123456
[2019-11-17T19:06:39.852] [DEBUG] cheese - admin
[2019-11-17T19:06:39.855] [DEBUG] cheese - null
[2019-11-17T19:06:39.855] [DEBUG] cheese - null
[2019-11-17T19:06:53.120] [DEBUG] cheese - login => username:admin,password:123456
[2019-11-17T19:06:53.120] [DEBUG] cheese - admin
[2019-11-17T19:06:53.123] [DEBUG] cheese - null
[2019-11-17T19:06:53.123] [DEBUG] cheese - null
[2019-11-17T19:10:18.039] [DEBUG] cheese - login => username:admin,password:123456
[2019-11-17T19:10:18.039] [DEBUG] cheese - admin
[2019-11-17T19:10:18.042] [DEBUG] cheese - null
[2019-11-17T19:10:18.042] [DEBUG] cheese - null
[2019-11-17T19:10:21.811] [DEBUG] cheese - login => username:admin,password:123456
[2019-11-17T19:10:21.812] [DEBUG] cheese - admin
[2019-11-17T19:10:21.815] [DEBUG] cheese - null
[2019-11-17T19:10:21.815] [DEBUG] cheese - null
[2019-11-17T19:10:28.104] [DEBUG] cheese - login => username:admin,password:123456
[2019-11-17T19:10:28.105] [DEBUG] cheese - admin
[2019-11-17T19:10:28.107] [DEBUG] cheese - null
[2019-11-17T19:10:28.107] [DEBUG] cheese - null
[2019-11-17T19:10:30.757] [DEBUG] cheese - login => username:admin,password:123456
[2019-11-17T19:10:30.757] [DEBUG] cheese - admin
[2019-11-17T19:10:30.761] [DEBUG] cheese - null
[2019-11-17T19:10:30.761] [DEBUG] cheese - null
[2019-11-17T19:11:30.880] [DEBUG] cheese - login => username:admin,password:123456
[2019-11-17T19:11:30.880] [DEBUG] cheese - admin
[2019-11-17T19:11:30.882] [DEBUG] cheese - null
[2019-11-17T19:11:30.882] [DEBUG] cheese - null
[2019-11-17T19:11:32.798] [DEBUG] cheese - login => username:admin,password:123456
[2019-11-17T19:11:32.799] [DEBUG] cheese - admin
[2019-11-17T19:11:32.800] [DEBUG] cheese - null
[2019-11-17T19:11:32.801] [DEBUG] cheese - null
[2019-11-17T19:41:13.673] [DEBUG] cheese - login => username:admin,password:123456
[2019-11-17T19:41:13.674] [DEBUG] cheese - admin
[2019-11-17T19:41:13.686] [DEBUG] cheese - null
[2019-11-17T19:41:13.687] [DEBUG] cheese - null
[2019-11-17T20:10:14.538] [DEBUG] cheese - login => username:admin,password:123456
[2019-11-17T20:10:14.538] [DEBUG] cheese - admin
[2019-11-17T20:10:14.542] [DEBUG] cheese - null
[2019-11-17T20:10:14.543] [DEBUG] cheese - null
[2019-11-17T20:11:35.861] [DEBUG] cheese - login => username:admin,password:123456
[2019-11-17T20:11:35.865] [DEBUG] cheese - admin
[2019-11-17T20:11:35.868] [DEBUG] cheese - null
[2019-11-17T20:11:35.868] [DEBUG] cheese - null
[2019-11-17T20:15:31.398] [DEBUG] cheese - login => username:admin,password:123456
[2019-11-17T20:15:31.398] [DEBUG] cheese - admin
[2019-11-17T20:15:31.401] [DEBUG] cheese - null
[2019-11-17T20:15:31.401] [DEBUG] cheese - null
[2019-11-17T20:19:18.978] [DEBUG] cheese - login => username:admin,password:123456
[2019-11-17T20:19:18.978] [DEBUG] cheese - admin
[2019-11-17T20:19:18.980] [DEBUG] cheese - null
[2019-11-17T20:19:18.980] [DEBUG] cheese - null
[2019-11-17T20:21:07.976] [DEBUG] cheese - login => username:admin,password:123456
[2019-11-17T20:21:07.976] [DEBUG] cheese - admin
[2019-11-17T20:21:07.978] [DEBUG] cheese - null
[2019-11-17T20:21:07.978] [DEBUG] cheese - null
[2019-11-17T20:33:15.694] [DEBUG] cheese - login => username:admin,password:123456
[2019-11-17T20:33:15.694] [DEBUG] cheese - admin
[2019-11-17T20:33:15.698] [DEBUG] cheese - null
[2019-11-17T20:33:15.698] [DEBUG] cheese - null
[2019-11-17T20:33:27.810] [DEBUG] cheese - login => username:admin,password:123456
[2019-11-17T20:33:27.811] [DEBUG] cheese - admin
[2019-11-17T20:33:27.812] [DEBUG] cheese - null
[2019-11-17T20:33:27.813] [DEBUG] cheese - null
[2019-11-17T20:33:44.813] [DEBUG] cheese - login => username:admin,password:123456
[2019-11-17T20:33:44.813] [DEBUG] cheese - admin
[2019-11-17T20:33:44.815] [DEBUG] cheese - null
[2019-11-17T20:33:44.815] [DEBUG] cheese - null
[2019-11-17T20:35:40.029] [DEBUG] cheese - login => username:admin,password:123456
[2019-11-17T20:35:40.030] [DEBUG] cheese - admin
[2019-11-17T20:35:40.032] [DEBUG] cheese - null
[2019-11-17T20:35:40.032] [DEBUG] cheese - null
[2019-11-17T20:36:32.486] [DEBUG] cheese - login => username:admin,password:123456
[2019-11-17T20:36:32.486] [DEBUG] cheese - admin
[2019-11-17T20:36:32.489] [DEBUG] cheese - null
[2019-11-17T20:36:32.489] [DEBUG] cheese - null
[2019-11-17T20:37:28.744] [DEBUG] cheese - login => username:admin,password:123456
[2019-11-17T20:37:28.744] [DEBUG] cheese - admin
[2019-11-17T20:37:28.747] [DEBUG] cheese - null
[2019-11-17T20:37:28.747] [DEBUG] cheese - null
[2019-11-18T12:55:23.549] [DEBUG] cheese - login => username:admin,password:123456
[2019-11-18T12:55:23.550] [DEBUG] cheese - admin
[2019-11-18T12:55:23.563] [DEBUG] cheese - null
[2019-11-18T12:55:23.563] [DEBUG] cheese - null
[2019-11-18T13:12:33.455] [DEBUG] cheese - login => username:admin,password:123456
[2019-11-18T13:12:33.455] [DEBUG] cheese - admin
[2019-11-18T13:12:33.459] [DEBUG] cheese - null
[2019-11-18T13:12:33.459] [DEBUG] cheese - null
[2019-11-18T13:49:31.477] [DEBUG] cheese - login => username:admin,password:123456
[2019-11-18T13:49:31.478] [DEBUG] cheese - admin
[2019-11-18T13:49:31.484] [DEBUG] cheese - null
[2019-11-18T13:49:31.484] [DEBUG] cheese - null
[2019-11-18T13:59:58.344] [DEBUG] cheese - login => username:admin,password:123456
[2019-11-18T13:59:58.344] [DEBUG] cheese - admin
[2019-11-18T13:59:58.351] [DEBUG] cheese - null
[2019-11-18T13:59:58.351] [DEBUG] cheese - null
[2019-11-18T14:01:24.484] [DEBUG] cheese - login => username:admin,password:123456
[2019-11-18T14:01:24.485] [DEBUG] cheese - admin
[2019-11-18T14:01:24.487] [DEBUG] cheese - null
[2019-11-18T14:01:24.488] [DEBUG] cheese - null
[2019-11-18T14:01:42.163] [DEBUG] cheese - login => username:admin,password:123456
[2019-11-18T14:01:42.163] [DEBUG] cheese - admin
[2019-11-18T14:01:42.166] [DEBUG] cheese - null
[2019-11-18T14:01:42.166] [DEBUG] cheese - null
[2019-11-18T14:20:16.903] [DEBUG] cheese - login => username:admin,password:123456
[2019-11-18T14:20:16.903] [DEBUG] cheese - admin
[2019-11-18T14:20:16.906] [DEBUG] cheese - null
[2019-11-18T14:20:16.906] [DEBUG] cheese - null
[2019-11-18T14:22:20.896] [DEBUG] cheese - login => username:admin,password:123456
[2019-11-18T14:22:20.896] [DEBUG] cheese - admin
[2019-11-18T14:22:20.900] [DEBUG] cheese - null
[2019-11-18T14:22:20.900] [DEBUG] cheese - null
[2019-11-18T14:22:38.530] [DEBUG] cheese - login => username:admin,password:123456
[2019-11-18T14:22:38.531] [DEBUG] cheese - admin
[2019-11-18T14:22:38.533] [DEBUG] cheese - null
[2019-11-18T14:22:38.533] [DEBUG] cheese - null
[2019-11-18T14:26:12.601] [DEBUG] cheese - login => username:admin,password:123456
[2019-11-18T14:26:12.601] [DEBUG] cheese - admin
[2019-11-18T14:26:12.603] [DEBUG] cheese - null
[2019-11-18T14:26:12.603] [DEBUG] cheese - null
[2019-11-18T14:36:16.483] [DEBUG] cheese - login => username:admin,password:123456
[2019-11-18T14:36:16.484] [DEBUG] cheese - admin
[2019-11-18T14:36:16.487] [DEBUG] cheese - null
[2019-11-18T14:36:16.487] [DEBUG] cheese - null
[2019-11-18T14:36:23.225] [DEBUG] cheese - login => username:admin,password:123456
[2019-11-18T14:36:23.225] [DEBUG] cheese - admin
[2019-11-18T14:36:23.227] [DEBUG] cheese - null
[2019-11-18T14:36:23.228] [DEBUG] cheese - null
[2019-11-18T16:51:45.719] [DEBUG] cheese - login => username:admin,password:123456
[2019-11-18T16:51:45.720] [DEBUG] cheese - admin
[2019-11-18T16:51:45.738] [DEBUG] cheese - null
[2019-11-18T16:51:45.738] [DEBUG] cheese - null
[2019-11-18T19:42:16.410] [DEBUG] cheese - login => username:admin,password:123456
[2019-11-18T19:42:16.411] [DEBUG] cheese - admin
[2019-11-18T19:42:16.418] [DEBUG] cheese - null
[2019-11-18T19:42:16.419] [DEBUG] cheese - null
[2019-11-19T09:56:20.024] [DEBUG] cheese - login => username:admin,password:123456
[2019-11-19T09:56:20.026] [DEBUG] cheese - admin
[2019-11-19T09:56:20.039] [DEBUG] cheese - null
[2019-11-19T09:56:20.039] [DEBUG] cheese - null
[2019-11-19T10:07:46.219] [DEBUG] cheese - login => username:admin,password:123456
[2019-11-19T10:07:46.220] [DEBUG] cheese - admin
[2019-11-19T10:07:46.222] [DEBUG] cheese - null
[2019-11-19T10:07:46.222] [DEBUG] cheese - null
[2019-11-19T10:07:53.008] [DEBUG] cheese - login => username:admin,password:123456
[2019-11-19T10:07:53.008] [DEBUG] cheese - admin
[2019-11-19T10:07:53.010] [DEBUG] cheese - null
[2019-11-19T10:07:53.010] [DEBUG] cheese - null
[2019-11-19T19:20:24.362] [DEBUG] cheese - login => username:admin,password:123456
[2019-11-19T19:20:24.389] [DEBUG] cheese - admin
[2019-11-19T19:20:24.393] [DEBUG] cheese - null
[2019-11-19T19:20:24.393] [DEBUG] cheese - null
[2019-11-20T15:00:48.884] [DEBUG] cheese - login => username:admin,password:123456
[2019-11-20T15:00:48.886] [DEBUG] cheese - admin
[2019-11-20T15:00:48.982] [DEBUG] cheese - null
[2019-11-20T15:00:48.983] [DEBUG] cheese - null
[2019-11-20T15:58:26.658] [DEBUG] cheese - login => username:admin,password:123456
[2019-11-20T15:58:26.659] [DEBUG] cheese - admin
[2019-11-20T15:58:26.663] [DEBUG] cheese - null
[2019-11-20T15:58:26.663] [DEBUG] cheese - null
[2019-11-20T18:07:52.234] [DEBUG] cheese - login => username:admin,password:123456
[2019-11-20T18:07:52.236] [DEBUG] cheese - admin
[2019-11-20T18:07:52.247] [DEBUG] cheese - null
[2019-11-20T18:07:52.247] [DEBUG] cheese - null
[2019-11-21T11:58:47.886] [DEBUG] cheese - login => username:admin,password:123456
[2019-11-21T11:58:47.888] [DEBUG] cheese - admin
[2019-11-21T11:58:47.900] [DEBUG] cheese - null
[2019-11-21T11:58:47.900] [DEBUG] cheese - null
[2019-11-21T12:04:36.824] [DEBUG] cheese - null
[2019-11-25T15:40:33.310] [DEBUG] cheese - login => username:admin,password:123456
[2019-11-25T15:40:33.311] [DEBUG] cheese - admin
[2019-11-25T15:40:33.339] [DEBUG] cheese - null
[2019-11-25T15:40:33.339] [DEBUG] cheese - null
[2019-11-25T15:42:59.163] [DEBUG] cheese - null
[2019-11-25T17:48:36.078] [DEBUG] cheese - null
[2019-11-26T16:07:11.451] [DEBUG] cheese - login => username:admin,password:123456
[2019-11-26T16:07:11.455] [DEBUG] cheese - admin
[2019-11-26T16:07:11.509] [DEBUG] cheese - null
[2019-11-26T16:07:11.510] [DEBUG] cheese - null
[2019-11-26T16:08:40.809] [DEBUG] cheese - login => username:admin,password:123456
[2019-11-26T16:08:40.810] [DEBUG] cheese - admin
[2019-11-26T16:08:40.812] [DEBUG] cheese - null
[2019-11-26T16:08:40.812] [DEBUG] cheese - null
[2019-11-28T00:37:46.878] [DEBUG] cheese - login => username:admin,password:123456
[2019-11-28T00:37:46.881] [DEBUG] cheese - admin
[2019-11-28T00:37:46.972] [DEBUG] cheese - null
[2019-11-28T00:37:46.972] [DEBUG] cheese - null
[2019-11-29T11:34:01.415] [DEBUG] cheese - login => username:admin,password:123456
[2019-11-29T11:34:01.417] [DEBUG] cheese - admin
[2019-11-29T11:34:01.445] [DEBUG] cheese - null
[2019-11-29T11:34:01.445] [DEBUG] cheese - null
[2019-11-29T11:51:42.458] [DEBUG] cheese - login => username:admin,password:123456
[2019-11-29T11:51:42.460] [DEBUG] cheese - admin
[2019-11-29T11:51:42.464] [DEBUG] cheese - null
[2019-11-29T11:51:42.464] [DEBUG] cheese - null
[2019-11-29T12:18:35.891] [DEBUG] cheese - login => username:admin,password:123456
[2019-11-29T12:18:35.893] [DEBUG] cheese - admin
[2019-11-29T12:18:35.900] [DEBUG] cheese - null
[2019-11-29T12:18:35.900] [DEBUG] cheese - null
[2019-12-02T21:55:49.657] [DEBUG] cheese - login => username:admin,password:123456
[2019-12-02T21:55:49.660] [DEBUG] cheese - admin
[2019-12-02T21:55:49.688] [DEBUG] cheese - null
[2019-12-02T21:55:49.689] [DEBUG] cheese - null
[2019-12-03T13:17:27.470] [DEBUG] cheese - login => username:zs,password:123456
[2019-12-03T13:17:27.472] [DEBUG] cheese - zs
[2019-12-03T13:17:27.478] [DEBUG] cheese - null
[2019-12-03T13:17:27.479] [DEBUG] cheese - null
[2019-12-03T13:17:44.077] [DEBUG] cheese - login => username:admin,password:123456
[2019-12-03T13:17:44.077] [DEBUG] cheese - admin
[2019-12-03T13:17:44.080] [DEBUG] cheese - null
[2019-12-03T13:17:44.081] [DEBUG] cheese - null
[2019-12-04T12:31:13.796] [DEBUG] cheese - login => username:admin,password:123456
[2019-12-04T12:31:13.797] [DEBUG] cheese - admin
[2019-12-04T12:31:13.827] [DEBUG] cheese - null
[2019-12-04T12:31:13.827] [DEBUG] cheese - null
[2019-12-05T00:43:55.944] [DEBUG] cheese - login => username:admin,password:123456
[2019-12-05T00:43:55.945] [DEBUG] cheese - admin
[2019-12-05T00:43:55.962] [DEBUG] cheese - null
[2019-12-05T00:43:55.962] [DEBUG] cheese - null
[2019-12-07T00:26:41.847] [DEBUG] cheese - login => username:admin,password:123456
[2019-12-07T00:26:41.848] [DEBUG] cheese - admin
[2019-12-07T00:26:41.867] [DEBUG] cheese - null
[2019-12-07T00:26:41.868] [DEBUG] cheese - null
[2019-12-07T00:26:45.436] [DEBUG] cheese - login => username:admin,password:123456
[2019-12-07T00:26:45.436] [DEBUG] cheese - admin
[2019-12-07T00:26:45.438] [DEBUG] cheese - null
[2019-12-07T00:26:45.438] [DEBUG] cheese - null
[2019-12-07T00:29:43.836] [DEBUG] cheese - login => username:admin,password:123456
[2019-12-07T00:29:43.838] [DEBUG] cheese - admin
[2019-12-07T00:29:43.841] [DEBUG] cheese - null
[2019-12-07T00:29:43.842] [DEBUG] cheese - null
[2019-12-12T12:25:14.648] [DEBUG] cheese - login => username:admin,password:123456
[2019-12-12T12:25:14.649] [DEBUG] cheese - admin
[2019-12-12T12:25:14.774] [DEBUG] cheese - null
[2019-12-12T12:25:14.774] [DEBUG] cheese - null
[2019-12-13T09:20:44.618] [DEBUG] cheese - login => username:admin,password:123456
[2019-12-13T09:20:44.620] [DEBUG] cheese - admin
[2019-12-13T09:20:44.624] [DEBUG] cheese - null
[2019-12-13T09:20:44.625] [DEBUG] cheese - null
[2019-12-13T10:15:21.777] [DEBUG] cheese - login => username:admin,password:123456
[2019-12-13T10:15:21.781] [DEBUG] cheese - admin
[2019-12-13T10:15:21.790] [DEBUG] cheese - null
[2019-12-13T10:15:21.791] [DEBUG] cheese - null
[2019-12-14T11:41:52.310] [DEBUG] cheese - login => username:admin,password:123456
[2019-12-14T11:41:52.314] [DEBUG] cheese - admin
[2019-12-14T11:41:52.355] [DEBUG] cheese - null
[2019-12-14T11:41:52.356] [DEBUG] cheese - null
[2019-12-14T12:01:38.723] [DEBUG] cheese - login => username:admin,password:123456
[2019-12-14T12:01:38.726] [DEBUG] cheese - admin
[2019-12-14T12:01:38.729] [DEBUG] cheese - null
[2019-12-14T12:01:38.730] [DEBUG] cheese - null
[2019-12-14T20:03:06.109] [DEBUG] cheese - null
[2019-12-14T20:03:47.211] [DEBUG] cheese - null
[2019-12-14T22:00:56.891] [DEBUG] cheese - login => username:admin,password:123456
[2019-12-14T22:00:56.895] [DEBUG] cheese - admin
[2019-12-14T22:00:56.905] [DEBUG] cheese - null
[2019-12-14T22:00:56.906] [DEBUG] cheese - null
[2019-12-14T23:10:10.212] [DEBUG] cheese - login => username:admin,password:123456
[2019-12-14T23:10:10.215] [DEBUG] cheese - admin
[2019-12-14T23:10:10.225] [DEBUG] cheese - null
[2019-12-14T23:10:10.226] [DEBUG] cheese - null
[2019-12-23T20:47:44.212] [DEBUG] cheese - login => username:admin,password:123456
[2019-12-23T20:47:44.214] [DEBUG] cheese - admin
[2019-12-23T20:47:44.345] [DEBUG] cheese - null
[2019-12-23T20:47:44.346] [DEBUG] cheese - null
[2019-12-24T20:53:42.406] [DEBUG] cheese - login => username:admin,password:123456
[2019-12-24T20:53:42.407] [DEBUG] cheese - admin
[2019-12-24T20:53:42.435] [DEBUG] cheese - null
[2019-12-24T20:53:42.435] [DEBUG] cheese - null
[2019-12-24T20:55:49.203] [DEBUG] cheese - null
[2019-12-24T21:11:20.405] [DEBUG] cheese - login => username:admin,password:123456
[2019-12-24T21:11:20.407] [DEBUG] cheese - admin
[2019-12-24T21:11:20.411] [DEBUG] cheese - null
[2019-12-24T21:11:20.412] [DEBUG] cheese - null
[2019-12-24T21:13:24.442] [DEBUG] cheese - null
[2019-12-24T21:27:58.495] [DEBUG] cheese - null
[2020-01-30T16:00:16.575] [DEBUG] cheese - login => username:admin,password:123456
[2020-01-30T16:00:16.576] [DEBUG] cheese - admin
[2020-01-30T16:00:16.913] [DEBUG] cheese - null
[2020-01-30T16:00:16.913] [DEBUG] cheese - null
[2020-01-30T17:44:13.633] [DEBUG] cheese - login => username:admin,password:123456
[2020-01-30T17:44:13.635] [DEBUG] cheese - admin
[2020-01-30T17:44:13.639] [DEBUG] cheese - null
[2020-01-30T17:44:13.640] [DEBUG] cheese - null
[2020-01-30T17:46:23.548] [DEBUG] cheese - login => username:admin,password:123456
[2020-01-30T17:46:23.548] [DEBUG] cheese - admin
[2020-01-30T17:46:23.551] [DEBUG] cheese - null
[2020-01-30T17:46:23.551] [DEBUG] cheese - null
[2020-01-30T17:46:37.227] [DEBUG] cheese - login => username:admin,password:123456
[2020-01-30T17:46:37.227] [DEBUG] cheese - admin
[2020-01-30T17:46:37.229] [DEBUG] cheese - null
[2020-01-30T17:46:37.229] [DEBUG] cheese - null
[2020-01-30T17:49:38.875] [DEBUG] cheese - login => username:admin,password:123456
[2020-01-30T17:49:38.875] [DEBUG] cheese - admin
[2020-01-30T17:49:38.879] [DEBUG] cheese - null
[2020-01-30T17:49:38.879] [DEBUG] cheese - null
[2020-01-30T17:53:18.008] [DEBUG] cheese - login => username:admin,password:123456
[2020-01-30T17:53:18.008] [DEBUG] cheese - admin
[2020-01-30T17:53:18.011] [DEBUG] cheese - null
[2020-01-30T17:53:18.011] [DEBUG] cheese - null
[2020-01-30T18:08:44.370] [DEBUG] cheese - login => username:admin,password:123456
[2020-01-30T18:08:44.370] [DEBUG] cheese - admin
[2020-01-30T18:08:44.373] [DEBUG] cheese - null
[2020-01-30T18:08:44.373] [DEBUG] cheese - null
[2020-01-30T18:08:51.575] [DEBUG] cheese - login => username:admin,password:123456
[2020-01-30T18:08:51.576] [DEBUG] cheese - admin
[2020-01-30T18:08:51.579] [DEBUG] cheese - null
[2020-01-30T18:08:51.579] [DEBUG] cheese - null
[2020-01-30T18:20:21.740] [DEBUG] cheese - login => username:lhl,password:123456
[2020-01-30T18:20:21.740] [DEBUG] cheese - lhl
[2020-01-30T18:20:21.818] [DEBUG] cheese - null
[2020-01-30T18:20:21.819] [DEBUG] cheese - null
[2020-01-30T18:20:24.038] [DEBUG] cheese - login => username:lhl,password:123456
[2020-01-30T18:20:24.038] [DEBUG] cheese - lhl
[2020-01-30T18:20:24.040] [DEBUG] cheese - null
[2020-01-30T18:20:24.040] [DEBUG] cheese - null
[2020-01-30T18:20:27.904] [DEBUG] cheese - login => username:lhl,password:123456
[2020-01-30T18:20:27.905] [DEBUG] cheese - lhl
[2020-01-30T18:20:27.906] [DEBUG] cheese - null
[2020-01-30T18:20:27.906] [DEBUG] cheese - null
[2020-01-30T18:20:55.989] [DEBUG] cheese - login => username:admin,password:123456
[2020-01-30T18:20:55.989] [DEBUG] cheese - admin
[2020-01-30T18:20:55.992] [DEBUG] cheese - null
[2020-01-30T18:20:55.992] [DEBUG] cheese - null
[2020-02-08T18:14:40.283] [DEBUG] cheese - login => username:admin,password:123456
[2020-02-08T18:14:40.285] [DEBUG] cheese - admin
[2020-02-08T18:14:40.341] [DEBUG] cheese - null
[2020-02-08T18:14:40.342] [DEBUG] cheese - null
[2020-02-08T18:16:10.689] [DEBUG] cheese - login => username:admin,password:123456
[2020-02-08T18:16:10.690] [DEBUG] cheese - admin
[2020-02-08T18:16:10.703] [DEBUG] cheese - null
[2020-02-08T18:16:10.704] [DEBUG] cheese - null
